============================================================
AI Will Do Replacer - Unified Entry Point
============================================================
Mode: APPLY CHANGES

Building equipment archetype cache...
  Found 1842 equipment definitions


============================================================
Processing INFANTRY files (13 files)
============================================================
  special_forces_doctrine.txt: 0 updated, 29 skipped
    WARNING: Could not find start_year for paras_keystone_2
    WARNING: Could not find start_year for paras_keystone_1
    WARNING: Could not find start_year for paras_bonus_2
    WARNING: Could not find start_year for paras_bonus_1
    WARNING: Could not find start_year for paras_combat_2
    WARNING: Could not find start_year for paras_combat_1
    WARNING: Could not find start_year for paras_airborne_light_armor
    WARNING: Could not find start_year for paras_combat_drop
    WARNING: Could not find start_year for paras_dispersed_drop
    WARNING: Could not find start_year for marines_expeditionary_support
    WARNING: Could not find start_year for marines_commandoes_mechanised
    WARNING: Could not find start_year for marines_expeditionary_blowtorch
    WARNING: Could not find start_year for marines_commandos_demolition
    WARNING: Could not find start_year for marines_expeditionary
    WARNING: Could not find start_year for marines_commandoes
    WARNING: Could not find start_year for marines_recon
    WARNING: Could not find start_year for marines_shore_parties
    WARNING: Could not find start_year for marines_jungle_troops
    WARNING: Could not find start_year for mountaineers_keystone_2
    WARNING: Could not find start_year for mountaineers_keystone_1
    WARNING: Could not find start_year for mountaineers_combat_3
    WARNING: Could not find start_year for mountaineers_combat_2
    WARNING: Could not find start_year for mountaineers_combat_1
    WARNING: Could not find start_year for special_forces_recon
    WARNING: Could not find start_year for rangers
    WARNING: Could not find start_year for ski_troops

INFANTRY subtotal: 0 updated, 559 skipped, 0 unknown

============================================================
Processing SUPPORT files (1 files)
============================================================
  support.txt: 43 updated, 9 skipped

SUPPORT subtotal: 43 updated, 9 skipped, 0 unknown

============================================================
Processing ARMOR files (30 files)
============================================================
  armor_usa.txt: 0 updated, 85 skipped
    WARNING: Could not determine trigger for lend_lease_truck

ARMOR subtotal: 0 updated, 1326 skipped, 1 unknown

============================================================
Processing AIR files (23 files)
============================================================
  air_techs.txt: 25 updated, 48 skipped
  air_techs_ast.txt: 4 updated, 8 skipped
  air_techs_eng.txt: 97 updated, 179 skipped
  air_techs_fra.txt: 120 updated, 228 skipped
  air_techs_ger.txt: 104 updated, 194 skipped
  air_techs_hun.txt: 21 updated, 45 skipped
  air_techs_ita.txt: 85 updated, 153 skipped
  air_techs_jap.txt: 102 updated, 210 skipped
  air_techs_non_bba_ast.txt: 4 updated, 8 skipped
  air_techs_non_bba_eng.txt: 82 updated, 151 skipped
  air_techs_non_bba_fra.txt: 64 updated, 116 skipped
  air_techs_non_bba_ger.txt: 79 updated, 144 skipped
  air_techs_non_bba_hun.txt: 16 updated, 32 skipped
  air_techs_non_bba_ita.txt: 62 updated, 113 skipped
  air_techs_non_bba_jap.txt: 82 updated, 157 skipped
  air_techs_non_bba_pol.txt: 23 updated, 46 skipped
  air_techs_non_bba_rom.txt: 13 updated, 26 skipped
  air_techs_non_bba_sov.txt: 68 updated, 128 skipped
  air_techs_non_bba_usa.txt: 75 updated, 139 skipped
    WARNING:   Warning: No ai_will_do block found in chi_fighter_0
  air_techs_pol.txt: 32 updated, 62 skipped
  air_techs_rom.txt: 19 updated, 38 skipped
  air_techs_sov.txt: 87 updated, 169 skipped
  air_techs_usa.txt: 102 updated, 192 skipped
    WARNING:   Warning: No ai_will_do block found in usa_jet_strike_bomber_ad_tech_1
    WARNING:   Warning: No ai_will_do block found in usa_jet_strike_bomber_1

AIR subtotal: 1366 updated, 2586 skipped, 0 unknown

============================================================
Processing NAVAL files (10 files)
============================================================

NAVAL subtotal: 0 updated, 0 skipped, 0 unknown

============================================================
Processing INDUSTRY files (1 files)
============================================================
  industry.txt: 102 updated, 0 skipped

INDUSTRY subtotal: 102 updated, 0 skipped, 0 unknown

============================================================
Processing ELECTRONICS files (2 files)
============================================================
  electronic_mechanical_engineering.txt: 75 updated, 0 skipped
  electronic_mechanical_engineering_non_bba.txt: 2 updated, 0 skipped

ELECTRONICS subtotal: 77 updated, 0 skipped, 0 unknown

============================================================
SUMMARY
============================================================
Files processed: 80
Blocks updated: 1588
Blocks skipped: 4480
Blocks unknown: 1

Warnings/Errors: 30
